Expression	Value	Location	Type	
PRESSURE_Value	9.76179992E+2	0x20000B34	float	
HUMIDITY_Value	6.85999984E+1	0x20000B38	float	
TEMPERATURE_Value	2.51000003E+1	0x20000B3C	float	
AutoInit	'\0' (0x00)	0x20000B28	uint8_t	
DataLoggerActive	'\0' (0x00)	0x20000000	uint8_t	
DataLoggerActive	'\0' (0x00)	0x20000000	uint8_t	
Temp	<array>"25.10"	0x20000C70	char[100]	
Humid	<array>"68.69"	0x20000CD4	char[100]	
Pres	<array>"976.15"	0x20000D38	char[100]	
GSM_RxBuf	<array>""	0x20000098	char[1024]	
[0]	'\0' (0x00)	0x20000098	char	
[1]	'\0' (0x00)	0x20000099	char	
[2]	'\0' (0x00)	0x2000009A	char	
[3]	'\0' (0x00)	0x2000009B	char	
[4]	'\0' (0x00)	0x2000009C	char	
[5]	'\0' (0x00)	0x2000009D	char	
[6]	'\0' (0x00)	0x2000009E	char	
[7]	'\0' (0x00)	0x2000009F	char	
[8]	'\0' (0x00)	0x200000A0	char	
[9]	'\0' (0x00)	0x200000A1	char	
[10]	'\0' (0x00)	0x200000A2	char	
[11]	'\0' (0x00)	0x200000A3	char	
[12]	'\0' (0x00)	0x200000A4	char	
[13]	'\0' (0x00)	0x200000A5	char	
[14]	'\0' (0x00)	0x200000A6	char	
[15]	'\0' (0x00)	0x200000A7	char	
[16]	'\0' (0x00)	0x200000A8	char	
[17]	'\0' (0x00)	0x200000A9	char	
[18]	'\0' (0x00)	0x200000AA	char	
[19]	'\0' (0x00)	0x200000AB	char	
[20]	'\0' (0x00)	0x200000AC	char	
[21]	'\0' (0x00)	0x200000AD	char	
[22]	'\0' (0x00)	0x200000AE	char	
[23]	'\0' (0x00)	0x200000AF	char	
[24]	'\0' (0x00)	0x200000B0	char	
[25]	'\0' (0x00)	0x200000B1	char	
[26]	'\0' (0x00)	0x200000B2	char	
[27]	'\0' (0x00)	0x200000B3	char	
[28]	'\0' (0x00)	0x200000B4	char	
[29]	'\0' (0x00)	0x200000B5	char	
[30]	'\0' (0x00)	0x200000B6	char	
[31]	'\0' (0x00)	0x200000B7	char	
[32]	'\0' (0x00)	0x200000B8	char	
[33]	'\0' (0x00)	0x200000B9	char	
[34]	'\0' (0x00)	0x200000BA	char	
[35]	'u' (0x75)	0x200000BB	char	
[36]	'a' (0x61)	0x200000BC	char	
[37]	'p' (0x70)	0x200000BD	char	
[38]	'p' (0x70)	0x200000BE	char	
[39]	'.' (0x2E)	0x200000BF	char	
[40]	'c' (0x63)	0x200000C0	char	
[41]	'o' (0x6F)	0x200000C1	char	
[42]	'm' (0x6D)	0x200000C2	char	
[43]	'"' (0x22)	0x200000C3	char	
[44]	',' (0x2C)	0x200000C4	char	
[45]	'8' (0x38)	0x200000C5	char	
[46]	'0' (0x30)	0x200000C6	char	
[47]	'\r' (0x0D)	0x200000C7	char	
[48]	'\r' (0x0D)	0x200000C8	char	
[49]	'\n' (0x0A)	0x200000C9	char	
[50]	'+' (0x2B)	0x200000CA	char	
[51]	'C' (0x43)	0x200000CB	char	
[52]	'M' (0x4D)	0x200000CC	char	
[53]	'E' (0x45)	0x200000CD	char	
[54]	' ' (0x20)	0x200000CE	char	
[55]	'E' (0x45)	0x200000CF	char	
[56]	'R' (0x52)	0x200000D0	char	
[57]	'R' (0x52)	0x200000D1	char	
[58]	'O' (0x4F)	0x200000D2	char	
[59]	'R' (0x52)	0x200000D3	char	
[60]	':' (0x3A)	0x200000D4	char	
[61]	' ' (0x20)	0x200000D5	char	
[62]	'N' (0x4E)	0x200000D6	char	
[63]	'e' (0x65)	0x200000D7	char	
[64]	't' (0x74)	0x200000D8	char	
[65]	'w' (0x77)	0x200000D9	char	
[66]	'o' (0x6F)	0x200000DA	char	
[67]	'r' (0x72)	0x200000DB	char	
[68]	'k' (0x6B)	0x200000DC	char	
[69]	' ' (0x20)	0x200000DD	char	
[70]	'e' (0x65)	0x200000DE	char	
[71]	'r' (0x72)	0x200000DF	char	
[72]	'r' (0x72)	0x200000E0	char	
[73]	'o' (0x6F)	0x200000E1	char	
[74]	'r' (0x72)	0x200000E2	char	
[75]	'\r' (0x0D)	0x200000E3	char	
[76]	'\n' (0x0A)	0x200000E4	char	
[77]	'\0' (0x00)	0x200000E5	char	
[78]	'\0' (0x00)	0x200000E6	char	
[79]	'\0' (0x00)	0x200000E7	char	
[80]	'\0' (0x00)	0x200000E8	char	
[81]	'\0' (0x00)	0x200000E9	char	
[82]	'\0' (0x00)	0x200000EA	char	
[83]	'\0' (0x00)	0x200000EB	char	
[84]	'\0' (0x00)	0x200000EC	char	
[85]	'\0' (0x00)	0x200000ED	char	
[86]	'\0' (0x00)	0x200000EE	char	
[87]	'\0' (0x00)	0x200000EF	char	
[88]	'\0' (0x00)	0x200000F0	char	
[89]	'\0' (0x00)	0x200000F1	char	
[90]	'\0' (0x00)	0x200000F2	char	
[91]	'\0' (0x00)	0x200000F3	char	
[92]	'\0' (0x00)	0x200000F4	char	
[93]	'\0' (0x00)	0x200000F5	char	
[94]	'\0' (0x00)	0x200000F6	char	
[95]	'\0' (0x00)	0x200000F7	char	
[96]	'\0' (0x00)	0x200000F8	char	
[97]	'\0' (0x00)	0x200000F9	char	
[98]	'\0' (0x00)	0x200000FA	char	
[99]	'\0' (0x00)	0x200000FB	char	
[100]	'\0' (0x00)	0x200000FC	char	
[101]	'\0' (0x00)	0x200000FD	char	
[102]	'\0' (0x00)	0x200000FE	char	
[103]	'\0' (0x00)	0x200000FF	char	
[104]	'\0' (0x00)	0x20000100	char	
[105]	'\0' (0x00)	0x20000101	char	
[106]	'\0' (0x00)	0x20000102	char	
[107]	'\0' (0x00)	0x20000103	char	
[108]	'\0' (0x00)	0x20000104	char	
[109]	'\0' (0x00)	0x20000105	char	
[110]	'\0' (0x00)	0x20000106	char	
[111]	'\0' (0x00)	0x20000107	char	
[112]	'\0' (0x00)	0x20000108	char	
[113]	'\0' (0x00)	0x20000109	char	
[114]	'\0' (0x00)	0x2000010A	char	
[115]	'\0' (0x00)	0x2000010B	char	
[116]	'\0' (0x00)	0x2000010C	char	
[117]	'\0' (0x00)	0x2000010D	char	
[118]	'\0' (0x00)	0x2000010E	char	
[119]	'\0' (0x00)	0x2000010F	char	
[120]	'\0' (0x00)	0x20000110	char	
[121]	'\0' (0x00)	0x20000111	char	
[122]	'\0' (0x00)	0x20000112	char	
[123]	'\0' (0x00)	0x20000113	char	
[124]	'\0' (0x00)	0x20000114	char	
[125]	'\0' (0x00)	0x20000115	char	
[126]	'\0' (0x00)	0x20000116	char	
[127]	'\0' (0x00)	0x20000117	char	
[128]	'\0' (0x00)	0x20000118	char	
[129]	'\0' (0x00)	0x20000119	char	
[130]	'\0' (0x00)	0x2000011A	char	
[131]	'\0' (0x00)	0x2000011B	char	
[132]	'\0' (0x00)	0x2000011C	char	
[133]	'\0' (0x00)	0x2000011D	char	
[134]	'\0' (0x00)	0x2000011E	char	
[135]	'\0' (0x00)	0x2000011F	char	
[136]	'\0' (0x00)	0x20000120	char	
[137]	'\0' (0x00)	0x20000121	char	
[138]	'\0' (0x00)	0x20000122	char	
[139]	'\0' (0x00)	0x20000123	char	
[140]	'\0' (0x00)	0x20000124	char	
[141]	'\0' (0x00)	0x20000125	char	
[142]	'\0' (0x00)	0x20000126	char	
[143]	'\0' (0x00)	0x20000127	char	
[144]	'\0' (0x00)	0x20000128	char	
[145]	'\0' (0x00)	0x20000129	char	
[146]	'\0' (0x00)	0x2000012A	char	
[147]	'\0' (0x00)	0x2000012B	char	
[148]	'\0' (0x00)	0x2000012C	char	
[149]	'\0' (0x00)	0x2000012D	char	
[150]	'\0' (0x00)	0x2000012E	char	
[151]	'\0' (0x00)	0x2000012F	char	
[152]	'\0' (0x00)	0x20000130	char	
[153]	'\0' (0x00)	0x20000131	char	
[154]	'\0' (0x00)	0x20000132	char	
[155]	'\0' (0x00)	0x20000133	char	
[156]	'\0' (0x00)	0x20000134	char	
[157]	'\0' (0x00)	0x20000135	char	
[158]	'\0' (0x00)	0x20000136	char	
[159]	'\0' (0x00)	0x20000137	char	
[160]	'\0' (0x00)	0x20000138	char	
[161]	'\0' (0x00)	0x20000139	char	
[162]	'\0' (0x00)	0x2000013A	char	
[163]	'\0' (0x00)	0x2000013B	char	
[164]	'\0' (0x00)	0x2000013C	char	
[165]	'\0' (0x00)	0x2000013D	char	
[166]	'\0' (0x00)	0x2000013E	char	
[167]	'\0' (0x00)	0x2000013F	char	
[168]	'\0' (0x00)	0x20000140	char	
[169]	'\0' (0x00)	0x20000141	char	
[170]	'\0' (0x00)	0x20000142	char	
[171]	'\0' (0x00)	0x20000143	char	
[172]	'\0' (0x00)	0x20000144	char	
[173]	'\0' (0x00)	0x20000145	char	
[174]	'\0' (0x00)	0x20000146	char	
[175]	'\0' (0x00)	0x20000147	char	
[176]	'\0' (0x00)	0x20000148	char	
[177]	'\0' (0x00)	0x20000149	char	
[178]	'\0' (0x00)	0x2000014A	char	
[179]	'\0' (0x00)	0x2000014B	char	
[180]	'\0' (0x00)	0x2000014C	char	
[181]	'\0' (0x00)	0x2000014D	char	
[182]	'\0' (0x00)	0x2000014E	char	
[183]	'\0' (0x00)	0x2000014F	char	
[184]	'\0' (0x00)	0x20000150	char	
[185]	'\0' (0x00)	0x20000151	char	
[186]	'\0' (0x00)	0x20000152	char	
[187]	'\0' (0x00)	0x20000153	char	
[188]	'\0' (0x00)	0x20000154	char	
[189]	'\0' (0x00)	0x20000155	char	
[190]	'\0' (0x00)	0x20000156	char	
[191]	'\0' (0x00)	0x20000157	char	
[192]	'\0' (0x00)	0x20000158	char	
[193]	'\0' (0x00)	0x20000159	char	
[194]	'\0' (0x00)	0x2000015A	char	
[195]	'\0' (0x00)	0x2000015B	char	
[196]	'\0' (0x00)	0x2000015C	char	
[197]	'\0' (0x00)	0x2000015D	char	
[198]	'\0' (0x00)	0x2000015E	char	
[199]	'\0' (0x00)	0x2000015F	char	
[200]	'\0' (0x00)	0x20000160	char	
[201]	'\0' (0x00)	0x20000161	char	
[202]	'\0' (0x00)	0x20000162	char	
[203]	'\0' (0x00)	0x20000163	char	
[204]	'\0' (0x00)	0x20000164	char	
[205]	'\0' (0x00)	0x20000165	char	
[206]	'\0' (0x00)	0x20000166	char	
[207]	'\0' (0x00)	0x20000167	char	
[208]	'\0' (0x00)	0x20000168	char	
[209]	'\0' (0x00)	0x20000169	char	
[210]	'\0' (0x00)	0x2000016A	char	
[211]	'\0' (0x00)	0x2000016B	char	
[212]	'\0' (0x00)	0x2000016C	char	
[213]	'\0' (0x00)	0x2000016D	char	
[214]	'\0' (0x00)	0x2000016E	char	
[215]	'\0' (0x00)	0x2000016F	char	
[216]	'\0' (0x00)	0x20000170	char	
[217]	'\0' (0x00)	0x20000171	char	
[218]	'\0' (0x00)	0x20000172	char	
[219]	'\0' (0x00)	0x20000173	char	
[220]	'\0' (0x00)	0x20000174	char	
[221]	'\0' (0x00)	0x20000175	char	
[222]	'\0' (0x00)	0x20000176	char	
[223]	'\0' (0x00)	0x20000177	char	
[224]	'\0' (0x00)	0x20000178	char	
[225]	'\0' (0x00)	0x20000179	char	
[226]	'\0' (0x00)	0x2000017A	char	
[227]	'\0' (0x00)	0x2000017B	char	
[228]	'\0' (0x00)	0x2000017C	char	
[229]	'\0' (0x00)	0x2000017D	char	
[230]	'\0' (0x00)	0x2000017E	char	
[231]	'\0' (0x00)	0x2000017F	char	
[232]	'\0' (0x00)	0x20000180	char	
[233]	'\0' (0x00)	0x20000181	char	
[234]	'\0' (0x00)	0x20000182	char	
[235]	'\0' (0x00)	0x20000183	char	
[236]	'\0' (0x00)	0x20000184	char	
[237]	'\0' (0x00)	0x20000185	char	
[238]	'\0' (0x00)	0x20000186	char	
[239]	'\0' (0x00)	0x20000187	char	
[240]	'\0' (0x00)	0x20000188	char	
[241]	'\0' (0x00)	0x20000189	char	
[242]	'\0' (0x00)	0x2000018A	char	
[243]	'\0' (0x00)	0x2000018B	char	
[244]	'\0' (0x00)	0x2000018C	char	
[245]	'\0' (0x00)	0x2000018D	char	
[246]	'\0' (0x00)	0x2000018E	char	
[247]	'\0' (0x00)	0x2000018F	char	
[248]	'\0' (0x00)	0x20000190	char	
[249]	'\0' (0x00)	0x20000191	char	
[250]	'\0' (0x00)	0x20000192	char	
[251]	'\0' (0x00)	0x20000193	char	
[252]	'\0' (0x00)	0x20000194	char	
[253]	'\0' (0x00)	0x20000195	char	
[254]	'\0' (0x00)	0x20000196	char	
[255]	'\0' (0x00)	0x20000197	char	
[256]	'\0' (0x00)	0x20000198	char	
[257]	'\0' (0x00)	0x20000199	char	
[258]	'\0' (0x00)	0x2000019A	char	
[259]	'\0' (0x00)	0x2000019B	char	
[260]	'\0' (0x00)	0x2000019C	char	
[261]	'\0' (0x00)	0x2000019D	char	
[262]	'\0' (0x00)	0x2000019E	char	
[263]	'\0' (0x00)	0x2000019F	char	
[264]	'\0' (0x00)	0x200001A0	char	
[265]	'\0' (0x00)	0x200001A1	char	
[266]	'\0' (0x00)	0x200001A2	char	
[267]	'\0' (0x00)	0x200001A3	char	
[268]	'\0' (0x00)	0x200001A4	char	
[269]	'\0' (0x00)	0x200001A5	char	
[270]	'\0' (0x00)	0x200001A6	char	
[271]	'\0' (0x00)	0x200001A7	char	
[272]	'\0' (0x00)	0x200001A8	char	
[273]	'\0' (0x00)	0x200001A9	char	
[274]	'\0' (0x00)	0x200001AA	char	
[275]	'\0' (0x00)	0x200001AB	char	
[276]	'\0' (0x00)	0x200001AC	char	
[277]	'\0' (0x00)	0x200001AD	char	
[278]	'\0' (0x00)	0x200001AE	char	
[279]	'\0' (0x00)	0x200001AF	char	
[280]	'\0' (0x00)	0x200001B0	char	
[281]	'\0' (0x00)	0x200001B1	char	
[282]	'\0' (0x00)	0x200001B2	char	
[283]	'\0' (0x00)	0x200001B3	char	
[284]	'\0' (0x00)	0x200001B4	char	
[285]	'\0' (0x00)	0x200001B5	char	
[286]	'\0' (0x00)	0x200001B6	char	
[287]	'\0' (0x00)	0x200001B7	char	
[288]	'\0' (0x00)	0x200001B8	char	
[289]	'\0' (0x00)	0x200001B9	char	
[290]	'\0' (0x00)	0x200001BA	char	
[291]	'\0' (0x00)	0x200001BB	char	
[292]	'\0' (0x00)	0x200001BC	char	
[293]	'\0' (0x00)	0x200001BD	char	
[294]	'\0' (0x00)	0x200001BE	char	
[295]	'\0' (0x00)	0x200001BF	char	
[296]	'\0' (0x00)	0x200001C0	char	
[297]	'\0' (0x00)	0x200001C1	char	
[298]	'\0' (0x00)	0x200001C2	char	
[299]	'\0' (0x00)	0x200001C3	char	
[300]	'\0' (0x00)	0x200001C4	char	
[301]	'\0' (0x00)	0x200001C5	char	
[302]	'\0' (0x00)	0x200001C6	char	
[303]	'\0' (0x00)	0x200001C7	char	
[304]	'\0' (0x00)	0x200001C8	char	
[305]	'\0' (0x00)	0x200001C9	char	
[306]	'\0' (0x00)	0x200001CA	char	
[307]	'\0' (0x00)	0x200001CB	char	
[308]	'\0' (0x00)	0x200001CC	char	
[309]	'\0' (0x00)	0x200001CD	char	
[310]	'\0' (0x00)	0x200001CE	char	
[311]	'\0' (0x00)	0x200001CF	char	
[312]	'\0' (0x00)	0x200001D0	char	
[313]	'\0' (0x00)	0x200001D1	char	
[314]	'\0' (0x00)	0x200001D2	char	
[315]	'\0' (0x00)	0x200001D3	char	
[316]	'\0' (0x00)	0x200001D4	char	
[317]	'\0' (0x00)	0x200001D5	char	
[318]	'\0' (0x00)	0x200001D6	char	
[319]	'\0' (0x00)	0x200001D7	char	
[320]	'\0' (0x00)	0x200001D8	char	
[321]	'\0' (0x00)	0x200001D9	char	
[322]	'\0' (0x00)	0x200001DA	char	
[323]	'\0' (0x00)	0x200001DB	char	
[324]	'\0' (0x00)	0x200001DC	char	
[325]	'\0' (0x00)	0x200001DD	char	
[326]	'\0' (0x00)	0x200001DE	char	
[327]	'\0' (0x00)	0x200001DF	char	
[328]	'\0' (0x00)	0x200001E0	char	
[329]	'\0' (0x00)	0x200001E1	char	
[330]	'\0' (0x00)	0x200001E2	char	
[331]	'\0' (0x00)	0x200001E3	char	
[332]	'\0' (0x00)	0x200001E4	char	
[333]	'\0' (0x00)	0x200001E5	char	
[334]	'\0' (0x00)	0x200001E6	char	
[335]	'\0' (0x00)	0x200001E7	char	
[336]	'\0' (0x00)	0x200001E8	char	
[337]	'\0' (0x00)	0x200001E9	char	
[338]	'\0' (0x00)	0x200001EA	char	
[339]	'\0' (0x00)	0x200001EB	char	
[340]	'\0' (0x00)	0x200001EC	char	
[341]	'\0' (0x00)	0x200001ED	char	
[342]	'\0' (0x00)	0x200001EE	char	
[343]	'\0' (0x00)	0x200001EF	char	
[344]	'\0' (0x00)	0x200001F0	char	
[345]	'\0' (0x00)	0x200001F1	char	
[346]	'\0' (0x00)	0x200001F2	char	
[347]	'\0' (0x00)	0x200001F3	char	
[348]	'\0' (0x00)	0x200001F4	char	
[349]	'\0' (0x00)	0x200001F5	char	
[350]	'\0' (0x00)	0x200001F6	char	
[351]	'\0' (0x00)	0x200001F7	char	
[352]	'\0' (0x00)	0x200001F8	char	
[353]	'\0' (0x00)	0x200001F9	char	
[354]	'\0' (0x00)	0x200001FA	char	
[355]	'\0' (0x00)	0x200001FB	char	
[356]	'\0' (0x00)	0x200001FC	char	
[357]	'\0' (0x00)	0x200001FD	char	
[358]	'\0' (0x00)	0x200001FE	char	
[359]	'\0' (0x00)	0x200001FF	char	
[360]	'\0' (0x00)	0x20000200	char	
[361]	'\0' (0x00)	0x20000201	char	
[362]	'\0' (0x00)	0x20000202	char	
[363]	'\0' (0x00)	0x20000203	char	
[364]	'\0' (0x00)	0x20000204	char	
[365]	'\0' (0x00)	0x20000205	char	
[366]	'\0' (0x00)	0x20000206	char	
[367]	'\0' (0x00)	0x20000207	char	
[368]	'\0' (0x00)	0x20000208	char	
[369]	'\0' (0x00)	0x20000209	char	
[370]	'\0' (0x00)	0x2000020A	char	
[371]	'\0' (0x00)	0x2000020B	char	
[372]	'\0' (0x00)	0x2000020C	char	
[373]	'\0' (0x00)	0x2000020D	char	
[374]	'\0' (0x00)	0x2000020E	char	
[375]	'\0' (0x00)	0x2000020F	char	
[376]	'\0' (0x00)	0x20000210	char	
[377]	'\0' (0x00)	0x20000211	char	
[378]	'\0' (0x00)	0x20000212	char	
[379]	'\0' (0x00)	0x20000213	char	
[380]	'\0' (0x00)	0x20000214	char	
[381]	'\0' (0x00)	0x20000215	char	
[382]	'\0' (0x00)	0x20000216	char	
[383]	'\0' (0x00)	0x20000217	char	
[384]	'\0' (0x00)	0x20000218	char	
[385]	'\0' (0x00)	0x20000219	char	
[386]	'\0' (0x00)	0x2000021A	char	
[387]	'\0' (0x00)	0x2000021B	char	
[388]	'\0' (0x00)	0x2000021C	char	
[389]	'\0' (0x00)	0x2000021D	char	
[390]	'\0' (0x00)	0x2000021E	char	
[391]	'\0' (0x00)	0x2000021F	char	
[392]	'\0' (0x00)	0x20000220	char	
[393]	'\0' (0x00)	0x20000221	char	
[394]	'\0' (0x00)	0x20000222	char	
[395]	'\0' (0x00)	0x20000223	char	
[396]	'\0' (0x00)	0x20000224	char	
[397]	'\0' (0x00)	0x20000225	char	
[398]	'\0' (0x00)	0x20000226	char	
[399]	'\0' (0x00)	0x20000227	char	
[400]	'\0' (0x00)	0x20000228	char	
[401]	'\0' (0x00)	0x20000229	char	
[402]	'\0' (0x00)	0x2000022A	char	
[403]	'\0' (0x00)	0x2000022B	char	
[404]	'\0' (0x00)	0x2000022C	char	
[405]	'\0' (0x00)	0x2000022D	char	
[406]	'\0' (0x00)	0x2000022E	char	
[407]	'\0' (0x00)	0x2000022F	char	
[408]	'\0' (0x00)	0x20000230	char	
[409]	'\0' (0x00)	0x20000231	char	
[410]	'\0' (0x00)	0x20000232	char	
[411]	'\0' (0x00)	0x20000233	char	
[412]	'\0' (0x00)	0x20000234	char	
[413]	'\0' (0x00)	0x20000235	char	
[414]	'\0' (0x00)	0x20000236	char	
[415]	'\0' (0x00)	0x20000237	char	
[416]	'\0' (0x00)	0x20000238	char	
[417]	'\0' (0x00)	0x20000239	char	
[418]	'\0' (0x00)	0x2000023A	char	
[419]	'\0' (0x00)	0x2000023B	char	
[420]	'\0' (0x00)	0x2000023C	char	
[421]	'\0' (0x00)	0x2000023D	char	
[422]	'\0' (0x00)	0x2000023E	char	
[423]	'\0' (0x00)	0x2000023F	char	
[424]	'\0' (0x00)	0x20000240	char	
[425]	'\0' (0x00)	0x20000241	char	
[426]	'\0' (0x00)	0x20000242	char	
[427]	'\0' (0x00)	0x20000243	char	
[428]	'\0' (0x00)	0x20000244	char	
[429]	'\0' (0x00)	0x20000245	char	
[430]	'\0' (0x00)	0x20000246	char	
[431]	'\0' (0x00)	0x20000247	char	
[432]	'\0' (0x00)	0x20000248	char	
[433]	'\0' (0x00)	0x20000249	char	
[434]	'\0' (0x00)	0x2000024A	char	
[435]	'\0' (0x00)	0x2000024B	char	
[436]	'\0' (0x00)	0x2000024C	char	
[437]	'\0' (0x00)	0x2000024D	char	
[438]	'\0' (0x00)	0x2000024E	char	
[439]	'\0' (0x00)	0x2000024F	char	
[440]	'\0' (0x00)	0x20000250	char	
[441]	'\0' (0x00)	0x20000251	char	
[442]	'\0' (0x00)	0x20000252	char	
[443]	'\0' (0x00)	0x20000253	char	
[444]	'\0' (0x00)	0x20000254	char	
[445]	'\0' (0x00)	0x20000255	char	
[446]	'\0' (0x00)	0x20000256	char	
[447]	'\0' (0x00)	0x20000257	char	
[448]	'\0' (0x00)	0x20000258	char	
[449]	'\0' (0x00)	0x20000259	char	
[450]	'\0' (0x00)	0x2000025A	char	
[451]	'\0' (0x00)	0x2000025B	char	
[452]	'\0' (0x00)	0x2000025C	char	
[453]	'\0' (0x00)	0x2000025D	char	
[454]	'\0' (0x00)	0x2000025E	char	
[455]	'\0' (0x00)	0x2000025F	char	
[456]	'\0' (0x00)	0x20000260	char	
[457]	'\0' (0x00)	0x20000261	char	
[458]	'\0' (0x00)	0x20000262	char	
[459]	'\0' (0x00)	0x20000263	char	
[460]	'\0' (0x00)	0x20000264	char	
[461]	'\0' (0x00)	0x20000265	char	
[462]	'\0' (0x00)	0x20000266	char	
[463]	'\0' (0x00)	0x20000267	char	
[464]	'\0' (0x00)	0x20000268	char	
[465]	'\0' (0x00)	0x20000269	char	
[466]	'\0' (0x00)	0x2000026A	char	
[467]	'\0' (0x00)	0x2000026B	char	
[468]	'\0' (0x00)	0x2000026C	char	
[469]	'\0' (0x00)	0x2000026D	char	
[470]	'\0' (0x00)	0x2000026E	char	
[471]	'\0' (0x00)	0x2000026F	char	
[472]	'\0' (0x00)	0x20000270	char	
[473]	'\0' (0x00)	0x20000271	char	
[474]	'\0' (0x00)	0x20000272	char	
[475]	'\0' (0x00)	0x20000273	char	
[476]	'\0' (0x00)	0x20000274	char	
[477]	'\0' (0x00)	0x20000275	char	
[478]	'\0' (0x00)	0x20000276	char	
[479]	'\0' (0x00)	0x20000277	char	
[480]	'\0' (0x00)	0x20000278	char	
[481]	'\0' (0x00)	0x20000279	char	
[482]	'\0' (0x00)	0x2000027A	char	
[483]	'\0' (0x00)	0x2000027B	char	
[484]	'\0' (0x00)	0x2000027C	char	
[485]	'\0' (0x00)	0x2000027D	char	
[486]	'\0' (0x00)	0x2000027E	char	
[487]	'\0' (0x00)	0x2000027F	char	
[488]	'\0' (0x00)	0x20000280	char	
[489]	'\0' (0x00)	0x20000281	char	
[490]	'\0' (0x00)	0x20000282	char	
[491]	'\0' (0x00)	0x20000283	char	
[492]	'\0' (0x00)	0x20000284	char	
[493]	'\0' (0x00)	0x20000285	char	
[494]	'\0' (0x00)	0x20000286	char	
[495]	'\0' (0x00)	0x20000287	char	
[496]	'\0' (0x00)	0x20000288	char	
[497]	'\0' (0x00)	0x20000289	char	
[498]	'\0' (0x00)	0x2000028A	char	
[499]	'\0' (0x00)	0x2000028B	char	
[500]	'\0' (0x00)	0x2000028C	char	
[501]	'\0' (0x00)	0x2000028D	char	
[502]	'\0' (0x00)	0x2000028E	char	
[503]	'\0' (0x00)	0x2000028F	char	
[504]	'\0' (0x00)	0x20000290	char	
[505]	'\0' (0x00)	0x20000291	char	
[506]	'\0' (0x00)	0x20000292	char	
[507]	'\0' (0x00)	0x20000293	char	
[508]	'\0' (0x00)	0x20000294	char	
[509]	'\0' (0x00)	0x20000295	char	
[510]	'\0' (0x00)	0x20000296	char	
[511]	'\0' (0x00)	0x20000297	char	
[512]	'\0' (0x00)	0x20000298	char	
[513]	'\0' (0x00)	0x20000299	char	
[514]	'\0' (0x00)	0x2000029A	char	
[515]	'\0' (0x00)	0x2000029B	char	
[516]	'\0' (0x00)	0x2000029C	char	
[517]	'\0' (0x00)	0x2000029D	char	
[518]	'\0' (0x00)	0x2000029E	char	
[519]	'\0' (0x00)	0x2000029F	char	
[520]	'\0' (0x00)	0x200002A0	char	
[521]	'\0' (0x00)	0x200002A1	char	
[522]	'\0' (0x00)	0x200002A2	char	
[523]	'\0' (0x00)	0x200002A3	char	
[524]	'\0' (0x00)	0x200002A4	char	
[525]	'\0' (0x00)	0x200002A5	char	
[526]	'\0' (0x00)	0x200002A6	char	
[527]	'\0' (0x00)	0x200002A7	char	
[528]	'\0' (0x00)	0x200002A8	char	
[529]	'\0' (0x00)	0x200002A9	char	
[530]	'\0' (0x00)	0x200002AA	char	
[531]	'\0' (0x00)	0x200002AB	char	
[532]	'\0' (0x00)	0x200002AC	char	
[533]	'\0' (0x00)	0x200002AD	char	
[534]	'\0' (0x00)	0x200002AE	char	
[535]	'\0' (0x00)	0x200002AF	char	
[536]	'\0' (0x00)	0x200002B0	char	
[537]	'\0' (0x00)	0x200002B1	char	
[538]	'\0' (0x00)	0x200002B2	char	
[539]	'\0' (0x00)	0x200002B3	char	
[540]	'\0' (0x00)	0x200002B4	char	
[541]	'\0' (0x00)	0x200002B5	char	
[542]	'\0' (0x00)	0x200002B6	char	
[543]	'\0' (0x00)	0x200002B7	char	
[544]	'\0' (0x00)	0x200002B8	char	
[545]	'\0' (0x00)	0x200002B9	char	
[546]	'\0' (0x00)	0x200002BA	char	
[547]	'\0' (0x00)	0x200002BB	char	
[548]	'\0' (0x00)	0x200002BC	char	
[549]	'\0' (0x00)	0x200002BD	char	
[550]	'\0' (0x00)	0x200002BE	char	
[551]	'\0' (0x00)	0x200002BF	char	
[552]	'\0' (0x00)	0x200002C0	char	
[553]	'\0' (0x00)	0x200002C1	char	
[554]	'\0' (0x00)	0x200002C2	char	
[555]	'\0' (0x00)	0x200002C3	char	
[556]	'\0' (0x00)	0x200002C4	char	
[557]	'\0' (0x00)	0x200002C5	char	
[558]	'\0' (0x00)	0x200002C6	char	
[559]	'\0' (0x00)	0x200002C7	char	
[560]	'\0' (0x00)	0x200002C8	char	
[561]	'\0' (0x00)	0x200002C9	char	
[562]	'\0' (0x00)	0x200002CA	char	
[563]	'\0' (0x00)	0x200002CB	char	
[564]	'\0' (0x00)	0x200002CC	char	
[565]	'\0' (0x00)	0x200002CD	char	
[566]	'\0' (0x00)	0x200002CE	char	
[567]	'\0' (0x00)	0x200002CF	char	
[568]	'\0' (0x00)	0x200002D0	char	
[569]	'\0' (0x00)	0x200002D1	char	
[570]	'\0' (0x00)	0x200002D2	char	
[571]	'\0' (0x00)	0x200002D3	char	
[572]	'\0' (0x00)	0x200002D4	char	
[573]	'\0' (0x00)	0x200002D5	char	
[574]	'\0' (0x00)	0x200002D6	char	
[575]	'\0' (0x00)	0x200002D7	char	
[576]	'\0' (0x00)	0x200002D8	char	
[577]	'\0' (0x00)	0x200002D9	char	
[578]	'\0' (0x00)	0x200002DA	char	
[579]	'\0' (0x00)	0x200002DB	char	
[580]	'\0' (0x00)	0x200002DC	char	
[581]	'\0' (0x00)	0x200002DD	char	
[582]	'\0' (0x00)	0x200002DE	char	
[583]	'\0' (0x00)	0x200002DF	char	
[584]	'\0' (0x00)	0x200002E0	char	
[585]	'\0' (0x00)	0x200002E1	char	
[586]	'\0' (0x00)	0x200002E2	char	
[587]	'\0' (0x00)	0x200002E3	char	
[588]	'\0' (0x00)	0x200002E4	char	
[589]	'\0' (0x00)	0x200002E5	char	
[590]	'\0' (0x00)	0x200002E6	char	
[591]	'\0' (0x00)	0x200002E7	char	
[592]	'\0' (0x00)	0x200002E8	char	
[593]	'\0' (0x00)	0x200002E9	char	
[594]	'\0' (0x00)	0x200002EA	char	
[595]	'\0' (0x00)	0x200002EB	char	
[596]	'\0' (0x00)	0x200002EC	char	
[597]	'\0' (0x00)	0x200002ED	char	
[598]	'\0' (0x00)	0x200002EE	char	
[599]	'\0' (0x00)	0x200002EF	char	
[600]	'\0' (0x00)	0x200002F0	char	
[601]	'\0' (0x00)	0x200002F1	char	
[602]	'\0' (0x00)	0x200002F2	char	
[603]	'\0' (0x00)	0x200002F3	char	
[604]	'\0' (0x00)	0x200002F4	char	
[605]	'\0' (0x00)	0x200002F5	char	
[606]	'\0' (0x00)	0x200002F6	char	
[607]	'\0' (0x00)	0x200002F7	char	
[608]	'\0' (0x00)	0x200002F8	char	
[609]	'\0' (0x00)	0x200002F9	char	
[610]	'\0' (0x00)	0x200002FA	char	
[611]	'\0' (0x00)	0x200002FB	char	
[612]	'\0' (0x00)	0x200002FC	char	
[613]	'\0' (0x00)	0x200002FD	char	
[614]	'\0' (0x00)	0x200002FE	char	
[615]	'\0' (0x00)	0x200002FF	char	
[616]	'\0' (0x00)	0x20000300	char	
[617]	'\0' (0x00)	0x20000301	char	
[618]	'\0' (0x00)	0x20000302	char	
[619]	'\0' (0x00)	0x20000303	char	
[620]	'\0' (0x00)	0x20000304	char	
[621]	'\0' (0x00)	0x20000305	char	
[622]	'\0' (0x00)	0x20000306	char	
[623]	'\0' (0x00)	0x20000307	char	
[624]	'\0' (0x00)	0x20000308	char	
[625]	'\0' (0x00)	0x20000309	char	
[626]	'\0' (0x00)	0x2000030A	char	
[627]	'\0' (0x00)	0x2000030B	char	
[628]	'\0' (0x00)	0x2000030C	char	
[629]	'\0' (0x00)	0x2000030D	char	
[630]	'\0' (0x00)	0x2000030E	char	
[631]	'\0' (0x00)	0x2000030F	char	
[632]	'\0' (0x00)	0x20000310	char	
[633]	'\0' (0x00)	0x20000311	char	
[634]	'\0' (0x00)	0x20000312	char	
[635]	'\0' (0x00)	0x20000313	char	
[636]	'\0' (0x00)	0x20000314	char	
[637]	'\0' (0x00)	0x20000315	char	
[638]	'\0' (0x00)	0x20000316	char	
[639]	'\0' (0x00)	0x20000317	char	
[640]	'\0' (0x00)	0x20000318	char	
[641]	'\0' (0x00)	0x20000319	char	
[642]	'\0' (0x00)	0x2000031A	char	
[643]	'\0' (0x00)	0x2000031B	char	
[644]	'\0' (0x00)	0x2000031C	char	
[645]	'\0' (0x00)	0x2000031D	char	
[646]	'\0' (0x00)	0x2000031E	char	
[647]	'\0' (0x00)	0x2000031F	char	
[648]	'\0' (0x00)	0x20000320	char	
[649]	'\0' (0x00)	0x20000321	char	
[650]	'\0' (0x00)	0x20000322	char	
[651]	'\0' (0x00)	0x20000323	char	
[652]	'\0' (0x00)	0x20000324	char	
[653]	'\0' (0x00)	0x20000325	char	
[654]	'\0' (0x00)	0x20000326	char	
[655]	'\0' (0x00)	0x20000327	char	
[656]	'\0' (0x00)	0x20000328	char	
[657]	'\0' (0x00)	0x20000329	char	
[658]	'\0' (0x00)	0x2000032A	char	
[659]	'\0' (0x00)	0x2000032B	char	
[660]	'\0' (0x00)	0x2000032C	char	
[661]	'\0' (0x00)	0x2000032D	char	
[662]	'\0' (0x00)	0x2000032E	char	
[663]	'\0' (0x00)	0x2000032F	char	
[664]	'\0' (0x00)	0x20000330	char	
[665]	'\0' (0x00)	0x20000331	char	
[666]	'\0' (0x00)	0x20000332	char	
[667]	'\0' (0x00)	0x20000333	char	
[668]	'\0' (0x00)	0x20000334	char	
[669]	'\0' (0x00)	0x20000335	char	
[670]	'\0' (0x00)	0x20000336	char	
[671]	'\0' (0x00)	0x20000337	char	
[672]	'\0' (0x00)	0x20000338	char	
[673]	'\0' (0x00)	0x20000339	char	
[674]	'\0' (0x00)	0x2000033A	char	
[675]	'\0' (0x00)	0x2000033B	char	
[676]	'\0' (0x00)	0x2000033C	char	
[677]	'\0' (0x00)	0x2000033D	char	
[678]	'\0' (0x00)	0x2000033E	char	
[679]	'\0' (0x00)	0x2000033F	char	
[680]	'\0' (0x00)	0x20000340	char	
[681]	'\0' (0x00)	0x20000341	char	
[682]	'\0' (0x00)	0x20000342	char	
[683]	'\0' (0x00)	0x20000343	char	
[684]	'\0' (0x00)	0x20000344	char	
[685]	'\0' (0x00)	0x20000345	char	
[686]	'\0' (0x00)	0x20000346	char	
[687]	'\0' (0x00)	0x20000347	char	
[688]	'\0' (0x00)	0x20000348	char	
[689]	'\0' (0x00)	0x20000349	char	
[690]	'\0' (0x00)	0x2000034A	char	
[691]	'\0' (0x00)	0x2000034B	char	
[692]	'\0' (0x00)	0x2000034C	char	
[693]	'\0' (0x00)	0x2000034D	char	
[694]	'\0' (0x00)	0x2000034E	char	
[695]	'\0' (0x00)	0x2000034F	char	
[696]	'\0' (0x00)	0x20000350	char	
[697]	'\0' (0x00)	0x20000351	char	
[698]	'\0' (0x00)	0x20000352	char	
[699]	'\0' (0x00)	0x20000353	char	
[700]	'\0' (0x00)	0x20000354	char	
[701]	'\0' (0x00)	0x20000355	char	
[702]	'\0' (0x00)	0x20000356	char	
[703]	'\0' (0x00)	0x20000357	char	
[704]	'\0' (0x00)	0x20000358	char	
[705]	'\0' (0x00)	0x20000359	char	
[706]	'\0' (0x00)	0x2000035A	char	
[707]	'\0' (0x00)	0x2000035B	char	
[708]	'\0' (0x00)	0x2000035C	char	
[709]	'\0' (0x00)	0x2000035D	char	
[710]	'\0' (0x00)	0x2000035E	char	
[711]	'\0' (0x00)	0x2000035F	char	
[712]	'\0' (0x00)	0x20000360	char	
[713]	'\0' (0x00)	0x20000361	char	
[714]	'\0' (0x00)	0x20000362	char	
[715]	'\0' (0x00)	0x20000363	char	
[716]	'\0' (0x00)	0x20000364	char	
[717]	'\0' (0x00)	0x20000365	char	
[718]	'\0' (0x00)	0x20000366	char	
[719]	'\0' (0x00)	0x20000367	char	
[720]	'\0' (0x00)	0x20000368	char	
[721]	'\0' (0x00)	0x20000369	char	
[722]	'\0' (0x00)	0x2000036A	char	
[723]	'\0' (0x00)	0x2000036B	char	
[724]	'\0' (0x00)	0x2000036C	char	
[725]	'\0' (0x00)	0x2000036D	char	
[726]	'\0' (0x00)	0x2000036E	char	
[727]	'\0' (0x00)	0x2000036F	char	
[728]	'\0' (0x00)	0x20000370	char	
[729]	'\0' (0x00)	0x20000371	char	
[730]	'\0' (0x00)	0x20000372	char	
[731]	'\0' (0x00)	0x20000373	char	
[732]	'\0' (0x00)	0x20000374	char	
[733]	'\0' (0x00)	0x20000375	char	
[734]	'\0' (0x00)	0x20000376	char	
[735]	'\0' (0x00)	0x20000377	char	
[736]	'\0' (0x00)	0x20000378	char	
[737]	'\0' (0x00)	0x20000379	char	
[738]	'\0' (0x00)	0x2000037A	char	
[739]	'\0' (0x00)	0x2000037B	char	
[740]	'\0' (0x00)	0x2000037C	char	
[741]	'\0' (0x00)	0x2000037D	char	
[742]	'\0' (0x00)	0x2000037E	char	
[743]	'\0' (0x00)	0x2000037F	char	
[744]	'\0' (0x00)	0x20000380	char	
[745]	'\0' (0x00)	0x20000381	char	
[746]	'\0' (0x00)	0x20000382	char	
[747]	'\0' (0x00)	0x20000383	char	
[748]	'\0' (0x00)	0x20000384	char	
[749]	'\0' (0x00)	0x20000385	char	
[750]	'\0' (0x00)	0x20000386	char	
[751]	'\0' (0x00)	0x20000387	char	
[752]	'\0' (0x00)	0x20000388	char	
[753]	'\0' (0x00)	0x20000389	char	
[754]	'\0' (0x00)	0x2000038A	char	
[755]	'\0' (0x00)	0x2000038B	char	
[756]	'\0' (0x00)	0x2000038C	char	
[757]	'\0' (0x00)	0x2000038D	char	
[758]	'\0' (0x00)	0x2000038E	char	
[759]	'\0' (0x00)	0x2000038F	char	
[760]	'\0' (0x00)	0x20000390	char	
[761]	'\0' (0x00)	0x20000391	char	
[762]	'\0' (0x00)	0x20000392	char	
[763]	'\0' (0x00)	0x20000393	char	
[764]	'\0' (0x00)	0x20000394	char	
[765]	'\0' (0x00)	0x20000395	char	
[766]	'\0' (0x00)	0x20000396	char	
[767]	'\0' (0x00)	0x20000397	char	
[768]	'\0' (0x00)	0x20000398	char	
[769]	'\0' (0x00)	0x20000399	char	
[770]	'\0' (0x00)	0x2000039A	char	
[771]	'\0' (0x00)	0x2000039B	char	
[772]	'\0' (0x00)	0x2000039C	char	
[773]	'\0' (0x00)	0x2000039D	char	
[774]	'\0' (0x00)	0x2000039E	char	
[775]	'\0' (0x00)	0x2000039F	char	
[776]	'\0' (0x00)	0x200003A0	char	
[777]	'\0' (0x00)	0x200003A1	char	
[778]	'\0' (0x00)	0x200003A2	char	
[779]	'\0' (0x00)	0x200003A3	char	
[780]	'\0' (0x00)	0x200003A4	char	
[781]	'\0' (0x00)	0x200003A5	char	
[782]	'\0' (0x00)	0x200003A6	char	
[783]	'\0' (0x00)	0x200003A7	char	
[784]	'\0' (0x00)	0x200003A8	char	
[785]	'\0' (0x00)	0x200003A9	char	
[786]	'\0' (0x00)	0x200003AA	char	
[787]	'\0' (0x00)	0x200003AB	char	
[788]	'\0' (0x00)	0x200003AC	char	
[789]	'\0' (0x00)	0x200003AD	char	
[790]	'\0' (0x00)	0x200003AE	char	
[791]	'\0' (0x00)	0x200003AF	char	
[792]	'\0' (0x00)	0x200003B0	char	
[793]	'\0' (0x00)	0x200003B1	char	
[794]	'\0' (0x00)	0x200003B2	char	
[795]	'\0' (0x00)	0x200003B3	char	
[796]	'\0' (0x00)	0x200003B4	char	
[797]	'\0' (0x00)	0x200003B5	char	
[798]	'\0' (0x00)	0x200003B6	char	
[799]	'\0' (0x00)	0x200003B7	char	
[800]	'\0' (0x00)	0x200003B8	char	
[801]	'\0' (0x00)	0x200003B9	char	
[802]	'\0' (0x00)	0x200003BA	char	
[803]	'\0' (0x00)	0x200003BB	char	
[804]	'\0' (0x00)	0x200003BC	char	
[805]	'\0' (0x00)	0x200003BD	char	
[806]	'\0' (0x00)	0x200003BE	char	
[807]	'\0' (0x00)	0x200003BF	char	
[808]	'\0' (0x00)	0x200003C0	char	
[809]	'\0' (0x00)	0x200003C1	char	
[810]	'\0' (0x00)	0x200003C2	char	
[811]	'\0' (0x00)	0x200003C3	char	
[812]	'\0' (0x00)	0x200003C4	char	
[813]	'\0' (0x00)	0x200003C5	char	
[814]	'\0' (0x00)	0x200003C6	char	
[815]	'\0' (0x00)	0x200003C7	char	
[816]	'\0' (0x00)	0x200003C8	char	
[817]	'\0' (0x00)	0x200003C9	char	
[818]	'\0' (0x00)	0x200003CA	char	
[819]	'\0' (0x00)	0x200003CB	char	
[820]	'\0' (0x00)	0x200003CC	char	
[821]	'\0' (0x00)	0x200003CD	char	
[822]	'\0' (0x00)	0x200003CE	char	
[823]	'\0' (0x00)	0x200003CF	char	
[824]	'\0' (0x00)	0x200003D0	char	
[825]	'\0' (0x00)	0x200003D1	char	
[826]	'\0' (0x00)	0x200003D2	char	
[827]	'\0' (0x00)	0x200003D3	char	
[828]	'\0' (0x00)	0x200003D4	char	
[829]	'\0' (0x00)	0x200003D5	char	
[830]	'\0' (0x00)	0x200003D6	char	
[831]	'\0' (0x00)	0x200003D7	char	
[832]	'\0' (0x00)	0x200003D8	char	
[833]	'\0' (0x00)	0x200003D9	char	
[834]	'\0' (0x00)	0x200003DA	char	
[835]	'\0' (0x00)	0x200003DB	char	
[836]	'\0' (0x00)	0x200003DC	char	
[837]	'\0' (0x00)	0x200003DD	char	
[838]	'\0' (0x00)	0x200003DE	char	
[839]	'\0' (0x00)	0x200003DF	char	
[840]	'\0' (0x00)	0x200003E0	char	
[841]	'\0' (0x00)	0x200003E1	char	
[842]	'\0' (0x00)	0x200003E2	char	
[843]	'\0' (0x00)	0x200003E3	char	
[844]	'\0' (0x00)	0x200003E4	char	
[845]	'\0' (0x00)	0x200003E5	char	
[846]	'\0' (0x00)	0x200003E6	char	
[847]	'\0' (0x00)	0x200003E7	char	
[848]	'\0' (0x00)	0x200003E8	char	
[849]	'\0' (0x00)	0x200003E9	char	
[850]	'\0' (0x00)	0x200003EA	char	
[851]	'\0' (0x00)	0x200003EB	char	
[852]	'\0' (0x00)	0x200003EC	char	
[853]	'\0' (0x00)	0x200003ED	char	
[854]	'\0' (0x00)	0x200003EE	char	
[855]	'\0' (0x00)	0x200003EF	char	
[856]	'\0' (0x00)	0x200003F0	char	
[857]	'\0' (0x00)	0x200003F1	char	
[858]	'\0' (0x00)	0x200003F2	char	
[859]	'\0' (0x00)	0x200003F3	char	
[860]	'\0' (0x00)	0x200003F4	char	
[861]	'\0' (0x00)	0x200003F5	char	
[862]	'\0' (0x00)	0x200003F6	char	
[863]	'\0' (0x00)	0x200003F7	char	
[864]	'\0' (0x00)	0x200003F8	char	
[865]	'\0' (0x00)	0x200003F9	char	
[866]	'\0' (0x00)	0x200003FA	char	
[867]	'\0' (0x00)	0x200003FB	char	
[868]	'\0' (0x00)	0x200003FC	char	
[869]	'\0' (0x00)	0x200003FD	char	
[870]	'\0' (0x00)	0x200003FE	char	
[871]	'\0' (0x00)	0x200003FF	char	
[872]	'\0' (0x00)	0x20000400	char	
[873]	'\0' (0x00)	0x20000401	char	
[874]	'\0' (0x00)	0x20000402	char	
[875]	'\0' (0x00)	0x20000403	char	
[876]	'\0' (0x00)	0x20000404	char	
[877]	'\0' (0x00)	0x20000405	char	
[878]	'\0' (0x00)	0x20000406	char	
[879]	'\0' (0x00)	0x20000407	char	
[880]	'\0' (0x00)	0x20000408	char	
[881]	'\0' (0x00)	0x20000409	char	
[882]	'\0' (0x00)	0x2000040A	char	
[883]	'\0' (0x00)	0x2000040B	char	
[884]	'\0' (0x00)	0x2000040C	char	
[885]	'\0' (0x00)	0x2000040D	char	
[886]	'\0' (0x00)	0x2000040E	char	
[887]	'\0' (0x00)	0x2000040F	char	
[888]	'\0' (0x00)	0x20000410	char	
[889]	'\0' (0x00)	0x20000411	char	
[890]	'\0' (0x00)	0x20000412	char	
[891]	'\0' (0x00)	0x20000413	char	
[892]	'\0' (0x00)	0x20000414	char	
[893]	'\0' (0x00)	0x20000415	char	
[894]	'\0' (0x00)	0x20000416	char	
[895]	'\0' (0x00)	0x20000417	char	
[896]	'\0' (0x00)	0x20000418	char	
[897]	'\0' (0x00)	0x20000419	char	
[898]	'\0' (0x00)	0x2000041A	char	
[899]	'\0' (0x00)	0x2000041B	char	
[900]	'\0' (0x00)	0x2000041C	char	
[901]	'\0' (0x00)	0x2000041D	char	
[902]	'\0' (0x00)	0x2000041E	char	
[903]	'\0' (0x00)	0x2000041F	char	
[904]	'\0' (0x00)	0x20000420	char	
[905]	'\0' (0x00)	0x20000421	char	
[906]	'\0' (0x00)	0x20000422	char	
[907]	'\0' (0x00)	0x20000423	char	
[908]	'\0' (0x00)	0x20000424	char	
[909]	'\0' (0x00)	0x20000425	char	
[910]	'\0' (0x00)	0x20000426	char	
[911]	'\0' (0x00)	0x20000427	char	
[912]	'\0' (0x00)	0x20000428	char	
[913]	'\0' (0x00)	0x20000429	char	
[914]	'\0' (0x00)	0x2000042A	char	
[915]	'\0' (0x00)	0x2000042B	char	
[916]	'\0' (0x00)	0x2000042C	char	
[917]	'\0' (0x00)	0x2000042D	char	
[918]	'\0' (0x00)	0x2000042E	char	
[919]	'\0' (0x00)	0x2000042F	char	
[920]	'\0' (0x00)	0x20000430	char	
[921]	'\0' (0x00)	0x20000431	char	
[922]	'\0' (0x00)	0x20000432	char	
[923]	'\0' (0x00)	0x20000433	char	
[924]	'\0' (0x00)	0x20000434	char	
[925]	'\0' (0x00)	0x20000435	char	
[926]	'\0' (0x00)	0x20000436	char	
[927]	'\0' (0x00)	0x20000437	char	
[928]	'\0' (0x00)	0x20000438	char	
[929]	'\0' (0x00)	0x20000439	char	
[930]	'\0' (0x00)	0x2000043A	char	
[931]	'\0' (0x00)	0x2000043B	char	
[932]	'\0' (0x00)	0x2000043C	char	
[933]	'\0' (0x00)	0x2000043D	char	
[934]	'\0' (0x00)	0x2000043E	char	
[935]	'\0' (0x00)	0x2000043F	char	
[936]	'\0' (0x00)	0x20000440	char	
[937]	'\0' (0x00)	0x20000441	char	
[938]	'\0' (0x00)	0x20000442	char	
[939]	'\0' (0x00)	0x20000443	char	
[940]	'\0' (0x00)	0x20000444	char	
[941]	'\0' (0x00)	0x20000445	char	
[942]	'\0' (0x00)	0x20000446	char	
[943]	'\0' (0x00)	0x20000447	char	
[944]	'\0' (0x00)	0x20000448	char	
[945]	'\0' (0x00)	0x20000449	char	
[946]	'\0' (0x00)	0x2000044A	char	
[947]	'\0' (0x00)	0x2000044B	char	
[948]	'\0' (0x00)	0x2000044C	char	
[949]	'\0' (0x00)	0x2000044D	char	
[950]	'\0' (0x00)	0x2000044E	char	
[951]	'\0' (0x00)	0x2000044F	char	
[952]	'\0' (0x00)	0x20000450	char	
[953]	'\0' (0x00)	0x20000451	char	
[954]	'\0' (0x00)	0x20000452	char	
[955]	'\0' (0x00)	0x20000453	char	
[956]	'\0' (0x00)	0x20000454	char	
[957]	'\0' (0x00)	0x20000455	char	
[958]	'\0' (0x00)	0x20000456	char	
[959]	'\0' (0x00)	0x20000457	char	
[960]	'\0' (0x00)	0x20000458	char	
[961]	'\0' (0x00)	0x20000459	char	
[962]	'\0' (0x00)	0x2000045A	char	
[963]	'\0' (0x00)	0x2000045B	char	
[964]	'\0' (0x00)	0x2000045C	char	
[965]	'\0' (0x00)	0x2000045D	char	
[966]	'\0' (0x00)	0x2000045E	char	
[967]	'\0' (0x00)	0x2000045F	char	
[968]	'\0' (0x00)	0x20000460	char	
[969]	'\0' (0x00)	0x20000461	char	
[970]	'\0' (0x00)	0x20000462	char	
[971]	'\0' (0x00)	0x20000463	char	
[972]	'\0' (0x00)	0x20000464	char	
[973]	'\0' (0x00)	0x20000465	char	
[974]	'\0' (0x00)	0x20000466	char	
[975]	'\0' (0x00)	0x20000467	char	
[976]	'\0' (0x00)	0x20000468	char	
[977]	'\0' (0x00)	0x20000469	char	
[978]	'\0' (0x00)	0x2000046A	char	
[979]	'\0' (0x00)	0x2000046B	char	
[980]	'\0' (0x00)	0x2000046C	char	
[981]	'\0' (0x00)	0x2000046D	char	
[982]	'\0' (0x00)	0x2000046E	char	
[983]	'\0' (0x00)	0x2000046F	char	
[984]	'\0' (0x00)	0x20000470	char	
[985]	'\0' (0x00)	0x20000471	char	
[986]	'\0' (0x00)	0x20000472	char	
[987]	'\0' (0x00)	0x20000473	char	
[988]	'\0' (0x00)	0x20000474	char	
[989]	'\0' (0x00)	0x20000475	char	
[990]	'\0' (0x00)	0x20000476	char	
[991]	'\0' (0x00)	0x20000477	char	
[992]	'\0' (0x00)	0x20000478	char	
[993]	'\0' (0x00)	0x20000479	char	
[994]	'\0' (0x00)	0x2000047A	char	
[995]	'\0' (0x00)	0x2000047B	char	
[996]	'\0' (0x00)	0x2000047C	char	
[997]	'\0' (0x00)	0x2000047D	char	
[998]	'\0' (0x00)	0x2000047E	char	
[999]	'\0' (0x00)	0x2000047F	char	
[1000]	'\0' (0x00)	0x20000480	char	
[1001]	'\0' (0x00)	0x20000481	char	
[1002]	'\0' (0x00)	0x20000482	char	
[1003]	'\0' (0x00)	0x20000483	char	
[1004]	'\0' (0x00)	0x20000484	char	
[1005]	'\0' (0x00)	0x20000485	char	
[1006]	'\0' (0x00)	0x20000486	char	
[1007]	'\0' (0x00)	0x20000487	char	
[1008]	'\0' (0x00)	0x20000488	char	
[1009]	'\0' (0x00)	0x20000489	char	
[1010]	'\0' (0x00)	0x2000048A	char	
[1011]	'\0' (0x00)	0x2000048B	char	
[1012]	'\0' (0x00)	0x2000048C	char	
[1013]	'\0' (0x00)	0x2000048D	char	
[1014]	'\0' (0x00)	0x2000048E	char	
[1015]	'\0' (0x00)	0x2000048F	char	
[1016]	'\0' (0x00)	0x20000490	char	
[1017]	'\0' (0x00)	0x20000491	char	
[1018]	'\0' (0x00)	0x20000492	char	
[1019]	'\0' (0x00)	0x20000493	char	
[1020]	'\0' (0x00)	0x20000494	char	
[1021]	'\0' (0x00)	0x20000495	char	
[1022]	'\0' (0x00)	0x20000496	char	
[1023]	'\0' (0x00)	0x20000497	char	
GSM_SendString	Error: Operation error. 			
GSM_CmdStatus	GSM_CMD_RES_GOT	0x20000070	enum <Unnamed 12>	
GSM_ModemState	GSM_STATE_HTTP_OPEN	0x20000072	enum <Unnamed 13>	
GSM_RespTimer	1	0x20000076	uint16_t	
GSM_CmdCntr	'.' (0x01)	0x20000071	uint8_t	
aaa	2351	0x20000B6C	signed int	
